#
# There is insufficient memory for the Java Runtime Environment to continue.
# Native memory allocation (malloc) failed to allocate 1048576 bytes for AllocateHeap
# Possible reasons:
#   The system is out of physical RAM or swap space
#   In 32 bit mode, the process size limit was hit
# Possible solutions:
#   Reduce memory load on the system
#   Increase physical memory or swap space
#   Check if swap backing store is full
#   Use 64 bit Java on a 64 bit OS
#   Decrease Java heap size (-Xmx/-Xms)
#   Decrease number of Java threads
#   Decrease Java thread stack sizes (-Xss)
#   Set larger code cache with -XX:ReservedCodeCacheSize=
# This output file may be truncated or incomplete.
#
#  Out of Memory Error (memory/allocation.inline.hpp:61), pid=48404, tid=81020
#
# JRE version:  (8.0_91-b15) (build )
# Java VM: Java HotSpot(TM) 64-Bit Server VM (25.91-b15 mixed mode windows-amd64 compressed oops)
# Failed to write core dump. Minidumps are not enabled by default on client versions of Windows
#

---------------  T H R E A D  ---------------

Current thread (0x000000000283d800):  JavaThread "Unknown thread" [_thread_in_vm, id=81020, stack(0x0000000002710000,0x0000000002810000)]

Stack: [0x0000000002710000,0x0000000002810000]
[error occurred during error reporting (printing stack bounds), id 0xc0000005]

Native frames: (J=compiled Java code, j=interpreted, Vv=VM code, C=native code)


---------------  P R O C E S S  ---------------

Java Threads: ( => current thread )

Other Threads:

=>0x000000000283d800 (exited) JavaThread "Unknown thread" [_thread_in_vm, id=81020, stack(0x0000000002710000,0x0000000002810000)]

VM state:not at safepoint (normal execution)

VM Mutex/Monitor currently owned by a thread: None

Heap:
 PSYoungGen      total 18944K, used 327K [0x00000000eab00000, 0x00000000ec000000, 0x0000000100000000)
  eden space 16384K, 2% used [0x00000000eab00000,0x00000000eab51ec8,0x00000000ebb00000)
  from space 2560K, 0% used [0x00000000ebd80000,0x00000000ebd80000,0x00000000ec000000)
  to   space 2560K, 0% used [0x00000000ebb00000,0x00000000ebb00000,0x00000000ebd80000)
 ParOldGen       total 44032K, used 0K [0x00000000c0000000, 0x00000000c2b00000, 0x00000000eab00000)
  object space 44032K, 0% used [0x00000000c0000000,0x00000000c0000000,0x00000000c2b00000)
 Metaspace       used 769K, capacity 4480K, committed 4480K, reserved 1056768K
  class space    used 75K, capacity 384K, committed 384K, reserved 1048576K

Card table byte_map: [0x0000000011d00000,0x0000000011f10000] byte_map_base: 0x0000000011700000

Marking Bits: (ParMarkBitMap*) 0x0000000060372f70
 Begin Bits: [0x0000000012470000, 0x0000000013470000)
 End Bits:   [0x0000000013470000, 0x0000000014470000)

Polling page: 0x0000000002670000

CodeCache: size=245760Kb used=328Kb max_used=328Kb free=245431Kb
 bounds [0x0000000002940000, 0x0000000002bb0000, 0x0000000011940000]
 total_blobs=58 nmethods=0 adapters=38
 compilation: enabled

Compilation events (0 events):
No events

GC Heap History (0 events):
No events

Deoptimization events (0 events):
No events

Internal exceptions (0 events):
No events

Events (10 events):
Event: 0.285 loading class java/lang/Short
Event: 0.285 loading class java/lang/Short done
Event: 0.285 loading class java/lang/Integer
Event: 0.286 loading class java/lang/Integer done
Event: 0.286 loading class java/lang/Long
Event: 0.286 loading class java/lang/Long done
Event: 0.289 loading class java/lang/NullPointerException
Event: 0.289 loading class java/lang/NullPointerException done
Event: 0.289 loading class java/lang/ArithmeticException
Event: 0.289 loading class java/lang/ArithmeticException done


Dynamic libraries:
0x00007ff650e60000 - 0x00007ff650e97000 	C:\Program Files\Java\jdk1.8.0_91\bin\java.exe
0x00007ffb81cb0000 - 0x00007ffb81e5a000 	C:\Windows\SYSTEM32\ntdll.dll
0x00007ffb7fa40000 - 0x00007ffb7fb7a000 	C:\Windows\system32\KERNEL32.DLL
0x00007ffb7f0f0000 - 0x00007ffb7f200000 	C:\Windows\system32\KERNELBASE.dll
0x00007ffb7dc50000 - 0x00007ffb7dcd8000 	C:\Windows\system32\apphelp.dll
0x00007ffb75e30000 - 0x00007ffb75e7f000 	C:\Windows\AppPatch\AppPatch64\AcGenral.DLL
0x00007ffb7f6c0000 - 0x00007ffb7f767000 	C:\Windows\system32\msvcrt.dll
0x00007ffb7eed0000 - 0x00007ffb7eefb000 	C:\Windows\SYSTEM32\SspiCli.dll
0x00007ffb81500000 - 0x00007ffb81551000 	C:\Windows\system32\SHLWAPI.dll
0x00007ffb7f530000 - 0x00007ffb7f6a1000 	C:\Windows\system32\USER32.dll
0x00007ffb81320000 - 0x00007ffb81498000 	C:\Windows\system32\ole32.dll
0x00007ffb7fd60000 - 0x00007ffb81177000 	C:\Windows\system32\SHELL32.dll
0x00007ffb7e690000 - 0x00007ffb7e6af000 	C:\Windows\SYSTEM32\USERENV.dll
0x00007ffb81270000 - 0x00007ffb81315000 	C:\Windows\system32\ADVAPI32.dll
0x00007ffb75b80000 - 0x00007ffb75b9b000 	C:\Windows\SYSTEM32\MPR.dll
0x00007ffb7f780000 - 0x00007ffb7f8b6000 	C:\Windows\system32\RPCRT4.dll
0x00007ffb81590000 - 0x00007ffb815e7000 	C:\Windows\SYSTEM32\sechost.dll
0x00007ffb7fb80000 - 0x00007ffb7fd56000 	C:\Windows\SYSTEM32\combase.dll
0x00007ffb819c0000 - 0x00007ffb81b05000 	C:\Windows\system32\GDI32.dll
0x00007ffb7f020000 - 0x00007ffb7f034000 	C:\Windows\SYSTEM32\profapi.dll
0x00007ffb7d4e0000 - 0x00007ffb7d57f000 	C:\Windows\SYSTEM32\SHCORE.dll
0x00007ffb81230000 - 0x00007ffb81264000 	C:\Windows\system32\IMM32.DLL
0x00007ffb817e0000 - 0x00007ffb81919000 	C:\Windows\system32\MSCTF.dll
0x00007ffb7ce80000 - 0x00007ffb7d0da000 	C:\Windows\WinSxS\amd64_microsoft.windows.common-controls_6595b64144ccf1df_6.0.9600.17031_none_6242a4b3ecbb55a1\COMCTL32.dll
0x000000005f450000 - 0x000000005f522000 	C:\Program Files\Java\jdk1.8.0_91\jre\bin\msvcr100.dll
0x000000005fb60000 - 0x00000000603f3000 	C:\Program Files\Java\jdk1.8.0_91\jre\bin\server\jvm.dll
0x00007ffb77210000 - 0x00007ffb77219000 	C:\Windows\SYSTEM32\WSOCK32.dll
0x00007ffb75b30000 - 0x00007ffb75b4f000 	C:\Windows\SYSTEM32\WINMM.dll
0x00007ffb77ec0000 - 0x00007ffb77eca000 	C:\Windows\SYSTEM32\VERSION.dll
0x00007ffb7f770000 - 0x00007ffb7f777000 	C:\Windows\system32\PSAPI.DLL
0x00007ffb814a0000 - 0x00007ffb814f8000 	C:\Windows\system32\WS2_32.dll
0x00007ffb75b00000 - 0x00007ffb75b2a000 	C:\Windows\SYSTEM32\WINMMBASE.dll
0x00007ffb817d0000 - 0x00007ffb817d9000 	C:\Windows\system32\NSI.dll
0x00007ffb7f250000 - 0x00007ffb7f29a000 	C:\Windows\SYSTEM32\cfgmgr32.dll
0x00007ffb7dea0000 - 0x00007ffb7dec6000 	C:\Windows\SYSTEM32\DEVOBJ.dll
0x000000005fb50000 - 0x000000005fb5f000 	C:\Program Files\Java\jdk1.8.0_91\jre\bin\verify.dll
0x000000005fb20000 - 0x000000005fb49000 	C:\Program Files\Java\jdk1.8.0_91\jre\bin\java.dll
0x000000005fb00000 - 0x000000005fb16000 	C:\Program Files\Java\jdk1.8.0_91\jre\bin\zip.dll

VM Arguments:
jvm_args: -Djava.awt.headless=true -Xmx1024M -Dfile.encoding=windows-1252 -Duser.country=US -Duser.language=en -Duser.variant 
java_command: com.android.dx.command.Main --dex --force-jumbo --num-threads=4 --output C:\CodeSeries\PrimitivesPassing\app\build\intermediates\pre-dexed\debug\support-annotations-24.2.1_ca9197a1bf8464cc6493727b3e6e62794155d43f.jar C:\Users\Hp\AppData\Local\Android\sdk\extras\android\m2repository\com\android\support\support-annotations\24.2.1\support-annotations-24.2.1.jar
java_class_path (initial): C:\Users\Hp\AppData\Local\Android\sdk\build-tools\25.0.1\lib\dx.jar
Launcher Type: SUN_STANDARD

Environment Variables:
JAVA_HOME=C:\Program Files\Java\jdk1.8.0_91
PATH=C:\ProgramData\Oracle\Java\javapath;C:\Windows\system32;C:\Windows;C:\Windows\System32\Wbem;C:\Windows\System32\WindowsPowerShell\v1.0\;C:\Program Files (x86)\Windows Kits\8.1\Windows Performance Toolkit\;C:\Program Files\Microsoft SQL Server\110\Tools\Binn\;C:\Program Files\Microsoft SQL Server\120\Tools\Binn\;C:\Program Files (x86)\GtkSharp\2.12\bin;C:\Program Files\Microsoft SQL Server\130\Tools\Binn\;C:\Program Files\Microsoft\Web Platform Installer\;C:\Program Files\dotnet\;C:\Program Files\nodejs\;C:\wamp\bin\php\php5.5.12;C:\ProgramData\ComposerSetup\bin;C:\Go\bin;C:\Users\Hp\AppData\Local\Programs\Python\Python35-32\Scripts\;C:\Users\Hp\AppData\Local\Programs\Python\Python35-32\;C:\Users\Hp\AppData\Roaming\npm;C:\Users\Hp\AppData\Roaming\Composer\vendor\bin
USERNAME=Hp
OS=Windows_NT
PROCESSOR_IDENTIFIER=Intel64 Family 6 Model 42 Stepping 7, GenuineIntel



---------------  S Y S T E M  ---------------

OS: Windows 8.1 , 64 bit Build 9600 (6.3.9600.17031)

CPU:total 4 (2 cores per cpu, 2 threads per core) family 6 model 42 stepping 7, cmov, cx8, fxsr, mmx, sse, sse2, sse3, ssse3, sse4.1, sse4.2, popcnt, avx, aes, clmul, ht, tsc, tscinvbit

Memory: 4k page, physical 4102512k(250996k free), swap 7264112k(5456k free)

vm_info: Java HotSpot(TM) 64-Bit Server VM (25.91-b15) for windows-amd64 JRE (1.8.0_91-b15), built on May 20 2016 17:43:15 by "java_re" with MS VC++ 10.0 (VS2010)

time: Fri Jan 20 11:14:10 2017
elapsed time: 0 seconds (0d 0h 0m 0s)

