#
# There is insufficient memory for the Java Runtime Environment to continue.
# Native memory allocation (malloc) failed to allocate 176416 bytes for Chunk::new
# Possible reasons:
#   The system is out of physical RAM or swap space
#   In 32 bit mode, the process size limit was hit
# Possible solutions:
#   Reduce memory load on the system
#   Increase physical memory or swap space
#   Check if swap backing store is full
#   Use 64 bit Java on a 64 bit OS
#   Decrease Java heap size (-Xmx/-Xms)
#   Decrease number of Java threads
#   Decrease Java thread stack sizes (-Xss)
#   Set larger code cache with -XX:ReservedCodeCacheSize=
# This output file may be truncated or incomplete.
#
#  Out of Memory Error (allocation.cpp:390), pid=14912, tid=46000
#
# JRE version: Java(TM) SE Runtime Environment (8.0_91-b15) (build 1.8.0_91-b15)
# Java VM: Java HotSpot(TM) 64-Bit Server VM (25.91-b15 mixed mode windows-amd64 compressed oops)
# Failed to write core dump. Minidumps are not enabled by default on client versions of Windows
#

---------------  T H R E A D  ---------------

Current thread (0x0000000014590800):  JavaThread "C2 CompilerThread0" daemon [_thread_in_native, id=46000, stack(0x0000000015d00000,0x0000000015e00000)]

Stack: [0x0000000015d00000,0x0000000015e00000]
[error occurred during error reporting (printing stack bounds), id 0xc0000005]

Native frames: (J=compiled Java code, j=interpreted, Vv=VM code, C=native code)


Current CompileTask:
C2:  37783  829 %     4       com.android.dx.ssa.SsaRenamer$BlockRenamer::addMapping @ 27 (143 bytes)


---------------  P R O C E S S  ---------------

Java Threads: ( => current thread )
  0x00000000162b9800 JavaThread "pool-1-thread-4" [_thread_blocked, id=45404, stack(0x0000000016a00000,0x0000000016b00000)]
  0x00000000162b9000 JavaThread "pool-1-thread-3" [_thread_blocked, id=70404, stack(0x0000000016900000,0x0000000016a00000)]
  0x00000000162b8000 JavaThread "pool-1-thread-2" [_thread_blocked, id=64380, stack(0x0000000016800000,0x0000000016900000)]
  0x00000000162b5800 JavaThread "pool-2-thread-1" [_thread_blocked, id=42836, stack(0x0000000016700000,0x0000000016800000)]
  0x00000000162b4800 JavaThread "pool-1-thread-1" [_thread_in_Java, id=44000, stack(0x0000000016600000,0x0000000016700000)]
  0x00000000145ee800 JavaThread "Service Thread" daemon [_thread_blocked, id=46040, stack(0x0000000016400000,0x0000000016500000)]
  0x00000000145a1000 JavaThread "C1 CompilerThread2" daemon [_thread_in_native, id=46488, stack(0x0000000015f00000,0x0000000016000000)]
  0x0000000014593800 JavaThread "C2 CompilerThread1" daemon [_thread_in_native, id=41548, stack(0x0000000015e00000,0x0000000015f00000)]
=>0x0000000014590800 JavaThread "C2 CompilerThread0" daemon [_thread_in_native, id=46000, stack(0x0000000015d00000,0x0000000015e00000)]
  0x000000001458b000 JavaThread "Attach Listener" daemon [_thread_blocked, id=42588, stack(0x0000000015c00000,0x0000000015d00000)]
  0x0000000014589800 JavaThread "Signal Dispatcher" daemon [_thread_blocked, id=18988, stack(0x0000000015b00000,0x0000000015c00000)]
  0x0000000001ebb000 JavaThread "Finalizer" daemon [_thread_blocked, id=8940, stack(0x00000000157e0000,0x00000000158e0000)]
  0x0000000001eb0000 JavaThread "Reference Handler" daemon [_thread_blocked, id=46660, stack(0x00000000156e0000,0x00000000157e0000)]
  0x0000000001dc2800 JavaThread "main" [_thread_in_vm, id=44016, stack(0x0000000001bf0000,0x0000000001cf0000)]

Other Threads:
  0x0000000014557000 VMThread [stack: 0x00000000155e0000,0x00000000156e0000] [id=20092]
  0x0000000016023000 WatcherThread [stack: 0x0000000016500000,0x0000000016600000] [id=46736]

VM state:not at safepoint (normal execution)

VM Mutex/Monitor currently owned by a thread: None

Heap:
 PSYoungGen      total 18944K, used 15739K [0x00000000eab00000, 0x00000000ec000000, 0x0000000100000000)
  eden space 16384K, 80% used [0x00000000eab00000,0x00000000eb7e3700,0x00000000ebb00000)
  from space 2560K, 99% used [0x00000000ebb00000,0x00000000ebd7b760,0x00000000ebd80000)
  to   space 2560K, 0% used [0x00000000ebd80000,0x00000000ebd80000,0x00000000ec000000)
 ParOldGen       total 44032K, used 936K [0x00000000c0000000, 0x00000000c2b00000, 0x00000000eab00000)
  object space 44032K, 2% used [0x00000000c0000000,0x00000000c00ea288,0x00000000c2b00000)
 Metaspace       used 5747K, capacity 6768K, committed 7040K, reserved 1058816K
  class space    used 589K, capacity 616K, committed 640K, reserved 1048576K

Card table byte_map: [0x0000000011280000,0x0000000011490000] byte_map_base: 0x0000000010c80000

Marking Bits: (ParMarkBitMap*) 0x0000000060372f70
 Begin Bits: [0x00000000119f0000, 0x00000000129f0000)
 End Bits:   [0x00000000129f0000, 0x00000000139f0000)

Polling page: 0x0000000001b20000

CodeCache: size=245760Kb used=3161Kb max_used=3161Kb free=242598Kb
 bounds [0x0000000001ec0000, 0x00000000021e0000, 0x0000000010ec0000]
 total_blobs=1059 nmethods=794 adapters=176
 compilation: enabled

Compilation events (10 events):
Event: 37.759 Thread 0x00000000145a1000 nmethod 845 0x00000000021d3e90 code [0x00000000021d4000, 0x00000000021d4208]
Event: 37.759 Thread 0x00000000145a1000  817       3       com.android.dx.ssa.SsaBasicBlock::isExitBlock (20 bytes)
Event: 37.759 Thread 0x00000000145a1000 nmethod 817 0x00000000021d4290 code [0x00000000021d43e0, 0x00000000021d4630]
Event: 37.759 Thread 0x00000000145a1000  834       3       com.android.dx.cf.code.BasicBlocker::visitLocal (34 bytes)
Event: 37.761 Thread 0x00000000145a1000 nmethod 834 0x00000000021d46d0 code [0x00000000021d4880, 0x00000000021d4ea8]
Event: 37.761 Thread 0x00000000145a1000  854       2       com.android.dx.ssa.SsaMethod::forEachInsn (36 bytes)
Event: 37.762 Thread 0x00000000145a1000 nmethod 854 0x00000000021d5490 code [0x00000000021d5620, 0x00000000021d5918]
Event: 37.762 Thread 0x00000000145a1000  855       3       com.android.dx.ssa.back.LivenessAnalyzer::run (231 bytes)
Event: 37.765 Thread 0x00000000145a1000 nmethod 855 0x00000000021d5b10 code [0x00000000021d5e20, 0x00000000021d74e8]
Event: 37.765 Thread 0x00000000145a1000  873       3       com.android.dx.cf.code.BaseMachine::storeResults (90 bytes)

GC Heap History (2 events):
Event: 35.794 GC heap before
{Heap before GC invocations=1 (full 0):
 PSYoungGen      total 18944K, used 16384K [0x00000000eab00000, 0x00000000ec000000, 0x0000000100000000)
  eden space 16384K, 100% used [0x00000000eab00000,0x00000000ebb00000,0x00000000ebb00000)
  from space 2560K, 0% used [0x00000000ebd80000,0x00000000ebd80000,0x00000000ec000000)
  to   space 2560K, 0% used [0x00000000ebb00000,0x00000000ebb00000,0x00000000ebd80000)
 ParOldGen       total 44032K, used 0K [0x00000000c0000000, 0x00000000c2b00000, 0x00000000eab00000)
  object space 44032K, 0% used [0x00000000c0000000,0x00000000c0000000,0x00000000c2b00000)
 Metaspace       used 5448K, capacity 6576K, committed 6784K, reserved 1056768K
  class space    used 586K, capacity 616K, committed 640K, reserved 1048576K
Event: 36.377 GC heap after
Heap after GC invocations=1 (full 0):
 PSYoungGen      total 18944K, used 2541K [0x00000000eab00000, 0x00000000ec000000, 0x0000000100000000)
  eden space 16384K, 0% used [0x00000000eab00000,0x00000000eab00000,0x00000000ebb00000)
  from space 2560K, 99% used [0x00000000ebb00000,0x00000000ebd7b760,0x00000000ebd80000)
  to   space 2560K, 0% used [0x00000000ebd80000,0x00000000ebd80000,0x00000000ec000000)
 ParOldGen       total 44032K, used 936K [0x00000000c0000000, 0x00000000c2b00000, 0x00000000eab00000)
  object space 44032K, 2% used [0x00000000c0000000,0x00000000c00ea288,0x00000000c2b00000)
 Metaspace       used 5448K, capacity 6576K, committed 6784K, reserved 1056768K
  class space    used 586K, capacity 616K, committed 640K, reserved 1048576K
}

Deoptimization events (4 events):
Event: 30.004 Thread 0x0000000001dc2800 Uncommon trap: reason=unstable_if action=reinterpret pc=0x0000000002020a94 method=java.lang.String.compareTo(Ljava/lang/String;)I @ 38
Event: 36.461 Thread 0x00000000162b4800 Uncommon trap: reason=unstable_if action=reinterpret pc=0x00000000020edf54 method=java.util.HashMap.getNode(ILjava/lang/Object;)Ljava/util/HashMap$Node; @ 129
Event: 37.224 Thread 0x00000000162b9800 Uncommon trap: reason=bimorphic action=maybe_recompile pc=0x000000000216e158 method=java.util.HashMap.getNode(ILjava/lang/Object;)Ljava/util/HashMap$Node; @ 126
Event: 37.349 Thread 0x00000000162b8000 Uncommon trap: reason=bimorphic action=maybe_recompile pc=0x000000000216e158 method=java.util.HashMap.getNode(ILjava/lang/Object;)Ljava/util/HashMap$Node; @ 126

Internal exceptions (2 events):
Event: 16.703 Thread 0x0000000001dc2800 Exception <a 'java/lang/NoSuchMethodError': Method sun.misc.Unsafe.defineClass(Ljava/lang/String;[BII)Ljava/lang/Class; name or signature does not match> (0x00000000eab07cc0) thrown at [C:\re\workspace\8-2-build-windows-amd64-cygwin\jdk8u91\7017\hotspot\sr®,H<é³0@
Event: 16.703 Thread 0x0000000001dc2800 Exception <a 'java/lang/NoSuchMethodError': Method sun.misc.Unsafe.prefetchRead(Ljava/lang/Object;J)V name or signature does not match> (0x00000000eab07fa8) thrown at [C:\re\workspace\8-2-build-windows-amd64-cygwin\jdk8u91\7017\hotspot\src\share\vm\prims\j

Events (10 events):
Event: 37.487 Thread 0x00000000145a1000 flushing nmethod 0x0000000002008d10
Event: 37.487 Thread 0x00000000145a1000 flushing nmethod 0x0000000002009010
Event: 37.487 Thread 0x00000000145a1000 flushing nmethod 0x0000000002009710
Event: 37.487 Thread 0x00000000145a1000 flushing nmethod 0x000000000200b750
Event: 37.487 Thread 0x00000000145a1000 flushing nmethod 0x000000000200e350
Event: 37.487 Thread 0x00000000145a1000 flushing nmethod 0x0000000002010950
Event: 37.488 Thread 0x00000000145a1000 flushing nmethod 0x0000000002020810
Event: 37.488 Thread 0x00000000145a1000 flushing nmethod 0x000000000202bbd0
Event: 37.488 Thread 0x00000000145a1000 flushing nmethod 0x000000000202bf90
Event: 37.488 Thread 0x00000000145a1000 flushing nmethod 0x000000000202cd90


Dynamic libraries:
0x00007ff650e60000 - 0x00007ff650e97000 	C:\Program Files\Java\jdk1.8.0_91\bin\java.exe
0x00007ffb81cb0000 - 0x00007ffb81e5a000 	C:\Windows\SYSTEM32\ntdll.dll
0x00007ffb7fa40000 - 0x00007ffb7fb7a000 	C:\Windows\system32\KERNEL32.DLL
0x00007ffb7f0f0000 - 0x00007ffb7f200000 	C:\Windows\system32\KERNELBASE.dll
0x00007ffb7dc50000 - 0x00007ffb7dcd8000 	C:\Windows\system32\apphelp.dll
0x00007ffb75e30000 - 0x00007ffb75e7f000 	C:\Windows\AppPatch\AppPatch64\AcGenral.DLL
0x00007ffb7f6c0000 - 0x00007ffb7f767000 	C:\Windows\system32\msvcrt.dll
0x00007ffb7eed0000 - 0x00007ffb7eefb000 	C:\Windows\SYSTEM32\SspiCli.dll
0x00007ffb81500000 - 0x00007ffb81551000 	C:\Windows\system32\SHLWAPI.dll
0x00007ffb7f530000 - 0x00007ffb7f6a1000 	C:\Windows\system32\USER32.dll
0x00007ffb81320000 - 0x00007ffb81498000 	C:\Windows\system32\ole32.dll
0x00007ffb7fd60000 - 0x00007ffb81177000 	C:\Windows\system32\SHELL32.dll
0x00007ffb7e690000 - 0x00007ffb7e6af000 	C:\Windows\SYSTEM32\USERENV.dll
0x00007ffb81270000 - 0x00007ffb81315000 	C:\Windows\system32\ADVAPI32.dll
0x00007ffb75b80000 - 0x00007ffb75b9b000 	C:\Windows\SYSTEM32\MPR.dll
0x00007ffb7f780000 - 0x00007ffb7f8b6000 	C:\Windows\system32\RPCRT4.dll
0x00007ffb81590000 - 0x00007ffb815e7000 	C:\Windows\SYSTEM32\sechost.dll
0x00007ffb7fb80000 - 0x00007ffb7fd56000 	C:\Windows\SYSTEM32\combase.dll
0x00007ffb819c0000 - 0x00007ffb81b05000 	C:\Windows\system32\GDI32.dll
0x00007ffb7f020000 - 0x00007ffb7f034000 	C:\Windows\SYSTEM32\profapi.dll
0x00007ffb7d4e0000 - 0x00007ffb7d57f000 	C:\Windows\SYSTEM32\SHCORE.dll
0x00007ffb81230000 - 0x00007ffb81264000 	C:\Windows\system32\IMM32.DLL
0x00007ffb817e0000 - 0x00007ffb81919000 	C:\Windows\system32\MSCTF.dll
0x00007ffb7ce80000 - 0x00007ffb7d0da000 	C:\Windows\WinSxS\amd64_microsoft.windows.common-controls_6595b64144ccf1df_6.0.9600.17031_none_6242a4b3ecbb55a1\COMCTL32.dll
0x000000005f450000 - 0x000000005f522000 	C:\Program Files\Java\jdk1.8.0_91\jre\bin\msvcr100.dll
0x000000005fb60000 - 0x00000000603f3000 	C:\Program Files\Java\jdk1.8.0_91\jre\bin\server\jvm.dll
0x00007ffb77210000 - 0x00007ffb77219000 	C:\Windows\SYSTEM32\WSOCK32.dll
0x00007ffb75b30000 - 0x00007ffb75b4f000 	C:\Windows\SYSTEM32\WINMM.dll
0x00007ffb77ec0000 - 0x00007ffb77eca000 	C:\Windows\SYSTEM32\VERSION.dll
0x00007ffb7f770000 - 0x00007ffb7f777000 	C:\Windows\system32\PSAPI.DLL
0x00007ffb814a0000 - 0x00007ffb814f8000 	C:\Windows\system32\WS2_32.dll
0x00007ffb75b00000 - 0x00007ffb75b2a000 	C:\Windows\SYSTEM32\WINMMBASE.dll
0x00007ffb817d0000 - 0x00007ffb817d9000 	C:\Windows\system32\NSI.dll
0x00007ffb7f250000 - 0x00007ffb7f29a000 	C:\Windows\SYSTEM32\cfgmgr32.dll
0x00007ffb7dea0000 - 0x00007ffb7dec6000 	C:\Windows\SYSTEM32\DEVOBJ.dll
0x000000005fb50000 - 0x000000005fb5f000 	C:\Program Files\Java\jdk1.8.0_91\jre\bin\verify.dll
0x000000005fb20000 - 0x000000005fb49000 	C:\Program Files\Java\jdk1.8.0_91\jre\bin\java.dll
0x000000005fb00000 - 0x000000005fb16000 	C:\Program Files\Java\jdk1.8.0_91\jre\bin\zip.dll

VM Arguments:
jvm_args: -Djava.awt.headless=true -Xmx1024M -Dfile.encoding=windows-1252 -Duser.country=US -Duser.language=en -Duser.variant 
java_command: com.android.dx.command.Main --dex --force-jumbo --num-threads=4 --output C:\CodeSeries\PrimitivesPassing\app\build\intermediates\pre-dexed\debug\com.android.support-appcompat-v7-24.2.1_75da1da061ee2dc23887a62c919ba9bd709195ba.jar C:\CodeSeries\PrimitivesPassing\app\build\intermediates\exploded-aar\com.android.support\appcompat-v7\24.2.1\jars\classes.jar
java_class_path (initial): C:\Users\Hp\AppData\Local\Android\sdk\build-tools\25.0.1\lib\dx.jar
Launcher Type: SUN_STANDARD

Environment Variables:
JAVA_HOME=C:\Program Files\Java\jdk1.8.0_91
PATH=C:\ProgramData\Oracle\Java\javapath;C:\Windows\system32;C:\Windows;C:\Windows\System32\Wbem;C:\Windows\System32\WindowsPowerShell\v1.0\;C:\Program Files (x86)\Windows Kits\8.1\Windows Performance Toolkit\;C:\Program Files\Microsoft SQL Server\110\Tools\Binn\;C:\Program Files\Microsoft SQL Server\120\Tools\Binn\;C:\Program Files (x86)\GtkSharp\2.12\bin;C:\Program Files\Microsoft SQL Server\130\Tools\Binn\;C:\Program Files\Microsoft\Web Platform Installer\;C:\Program Files\dotnet\;C:\Program Files\nodejs\;C:\wamp\bin\php\php5.5.12;C:\ProgramData\ComposerSetup\bin;C:\Go\bin;C:\Users\Hp\AppData\Local\Programs\Python\Python35-32\Scripts\;C:\Users\Hp\AppData\Local\Programs\Python\Python35-32\;C:\Users\Hp\AppData\Roaming\npm;C:\Users\Hp\AppData\Roaming\Composer\vendor\bin
USERNAME=Hp
OS=Windows_NT
PROCESSOR_IDENTIFIER=Intel64 Family 6 Model 42 Stepping 7, GenuineIntel



---------------  S Y S T E M  ---------------

OS: Windows 8.1 , 64 bit Build 9600 (6.3.9600.17031)

CPU:total 4 (2 cores per cpu, 2 threads per core) family 6 model 42 stepping 7, cmov, cx8, fxsr, mmx, sse, sse2, sse3, ssse3, sse4.1, sse4.2, popcnt, avx, aes, clmul, ht, tsc, tscinvbit

Memory: 4k page, physical 4102512k(207820k free), swap 7264112k(5360k free)

vm_info: Java HotSpot(TM) 64-Bit Server VM (25.91-b15) for windows-amd64 JRE (1.8.0_91-b15), built on May 20 2016 17:43:15 by "java_re" with MS VC++ 10.0 (VS2010)

time: Fri Jan 20 11:08:10 2017
elapsed time: 37 seconds (0d 0h 0m 37s)

