#
# There is insufficient memory for the Java Runtime Environment to continue.
# Native memory allocation (malloc) failed to allocate 32744 bytes for ChunkPool::allocate
# Possible reasons:
#   The system is out of physical RAM or swap space
#   In 32 bit mode, the process size limit was hit
# Possible solutions:
#   Reduce memory load on the system
#   Increase physical memory or swap space
#   Check if swap backing store is full
#   Use 64 bit Java on a 64 bit OS
#   Decrease Java heap size (-Xmx/-Xms)
#   Decrease number of Java threads
#   Decrease Java thread stack sizes (-Xss)
#   Set larger code cache with -XX:ReservedCodeCacheSize=
# This output file may be truncated or incomplete.
#
#  Out of Memory Error (allocation.cpp:273), pid=43808, tid=50704
#
# JRE version: Java(TM) SE Runtime Environment (8.0_91-b15) (build 1.8.0_91-b15)
# Java VM: Java HotSpot(TM) 64-Bit Server VM (25.91-b15 mixed mode windows-amd64 compressed oops)
# Failed to write core dump. Minidumps are not enabled by default on client versions of Windows
#

---------------  T H R E A D  ---------------

Current thread (0x0000000014b1a000):  JavaThread "C1 CompilerThread2" daemon [_thread_in_native, id=50704, stack(0x0000000016470000,0x0000000016570000)]

Stack: [0x0000000016470000,0x0000000016570000]
[error occurred during error reporting (printing stack bounds), id 0xc0000005]

Native frames: (J=compiled Java code, j=interpreted, Vv=VM code, C=native code)


Current CompileTask:
C1:   7665 1187       3       com.android.dx.ssa.back.SsaToRop::removePhiFunctions (83 bytes)


---------------  P R O C E S S  ---------------

Java Threads: ( => current thread )
  0x00000000167f5800 JavaThread "pool-1-thread-4" [_thread_in_Java, id=42496, stack(0x0000000016f70000,0x0000000017070000)]
  0x00000000167e5000 JavaThread "pool-1-thread-3" [_thread_blocked, id=45276, stack(0x0000000016e70000,0x0000000016f70000)]
  0x00000000167ca800 JavaThread "pool-1-thread-2" [_thread_blocked, id=41064, stack(0x0000000016d70000,0x0000000016e70000)]
  0x00000000167d7800 JavaThread "pool-2-thread-1" [_thread_blocked, id=48640, stack(0x0000000016c70000,0x0000000016d70000)]
  0x000000001682a800 JavaThread "pool-1-thread-1" [_thread_blocked, id=46416, stack(0x0000000016b70000,0x0000000016c70000)]
  0x0000000014b5d800 JavaThread "Service Thread" daemon [_thread_blocked, id=44784, stack(0x0000000016970000,0x0000000016a70000)]
=>0x0000000014b1a000 JavaThread "C1 CompilerThread2" daemon [_thread_in_native, id=50704, stack(0x0000000016470000,0x0000000016570000)]
  0x0000000014b01000 JavaThread "C2 CompilerThread1" daemon [_thread_in_native, id=51344, stack(0x0000000016370000,0x0000000016470000)]
  0x0000000014afe000 JavaThread "C2 CompilerThread0" daemon [_thread_in_native, id=46236, stack(0x0000000016270000,0x0000000016370000)]
  0x0000000014afc000 JavaThread "Attach Listener" daemon [_thread_blocked, id=45400, stack(0x0000000016170000,0x0000000016270000)]
  0x0000000014afb000 JavaThread "Signal Dispatcher" daemon [_thread_blocked, id=49088, stack(0x0000000016070000,0x0000000016170000)]
  0x000000000242b000 JavaThread "Finalizer" daemon [_thread_blocked, id=42668, stack(0x0000000015d50000,0x0000000015e50000)]
  0x0000000002420000 JavaThread "Reference Handler" daemon [_thread_blocked, id=46224, stack(0x0000000015c50000,0x0000000015d50000)]
  0x0000000002332800 JavaThread "main" [_thread_in_Java, id=49024, stack(0x0000000002230000,0x0000000002330000)]

Other Threads:
  0x0000000014ac7000 VMThread [stack: 0x0000000015b50000,0x0000000015c50000] [id=16416]
  0x000000001659e000 WatcherThread [stack: 0x0000000016a70000,0x0000000016b70000] [id=50348]

VM state:not at safepoint (normal execution)

VM Mutex/Monitor currently owned by a thread: None

Heap:
 PSYoungGen      total 18944K, used 5857K [0x00000000eab00000, 0x00000000ec000000, 0x0000000100000000)
  eden space 16384K, 20% used [0x00000000eab00000,0x00000000eae3c4b0,0x00000000ebb00000)
  from space 2560K, 99% used [0x00000000ebd80000,0x00000000ebffc028,0x00000000ec000000)
  to   space 2560K, 0% used [0x00000000ebb00000,0x00000000ebb00000,0x00000000ebd80000)
 ParOldGen       total 33792K, used 3098K [0x00000000c0000000, 0x00000000c2100000, 0x00000000eab00000)
  object space 33792K, 9% used [0x00000000c0000000,0x00000000c03068c8,0x00000000c2100000)
 Metaspace       used 5843K, capacity 6896K, committed 7040K, reserved 1058816K
  class space    used 589K, capacity 616K, committed 640K, reserved 1048576K

Card table byte_map: [0x00000000117f0000,0x0000000011a00000] byte_map_base: 0x00000000111f0000

Marking Bits: (ParMarkBitMap*) 0x0000000060372f70
 Begin Bits: [0x0000000011f60000, 0x0000000012f60000)
 End Bits:   [0x0000000012f60000, 0x0000000013f60000)

Polling page: 0x0000000000a80000

CodeCache: size=245760Kb used=4614Kb max_used=4614Kb free=241145Kb
 bounds [0x0000000002430000, 0x00000000028c0000, 0x0000000011430000]
 total_blobs=1442 nmethods=1179 adapters=176
 compilation: enabled

Compilation events (10 events):
Event: 7.657 Thread 0x0000000014b1a000 nmethod 1181 0x00000000028b0f10 code [0x00000000028b1080, 0x00000000028b13d0]
Event: 7.657 Thread 0x0000000014b1a000 1183       3       java.util.TreeMap$ValueIterator::<init> (12 bytes)
Event: 7.657 Thread 0x0000000014b1a000 nmethod 1183 0x00000000028b1510 code [0x00000000028b1680, 0x00000000028b18f0]
Event: 7.657 Thread 0x0000000014b1a000 1172       3       com.android.dx.ssa.SsaMethod::makeNewGotoBlock (52 bytes)
Event: 7.659 Thread 0x0000000014b1a000 nmethod 1172 0x00000000028b1a10 code [0x00000000028b1c60, 0x00000000028b2a88]
Event: 7.659 Thread 0x0000000014b1a000 1173       3       com.android.dx.ssa.SsaMethod::getGoto (26 bytes)
Event: 7.659 Thread 0x0000000014b1a000 nmethod 1173 0x00000000028b3250 code [0x00000000028b3400, 0x00000000028b3978]
Event: 7.659 Thread 0x0000000014b1a000 1186       3       com.android.dx.ssa.PhiTypeResolver::run (179 bytes)
Event: 7.661 Thread 0x0000000014b1a000 nmethod 1186 0x00000000028b3bd0 code [0x00000000028b3e60, 0x00000000028b5008]
Event: 7.661 Thread 0x0000000014b1a000 1187       3       com.android.dx.ssa.back.SsaToRop::removePhiFunctions (83 bytes)

GC Heap History (6 events):
Event: 5.314 GC heap before
{Heap before GC invocations=1 (full 0):
 PSYoungGen      total 18944K, used 10205K [0x00000000eab00000, 0x00000000ec000000, 0x0000000100000000)
  eden space 16384K, 62% used [0x00000000eab00000,0x00000000eb4f7488,0x00000000ebb00000)
  from space 2560K, 0% used [0x00000000ebd80000,0x00000000ebd80000,0x00000000ec000000)
  to   space 2560K, 0% used [0x00000000ebb00000,0x00000000ebb00000,0x00000000ebd80000)
 ParOldGen       total 44032K, used 0K [0x00000000c0000000, 0x00000000c2b00000, 0x00000000eab00000)
  object space 44032K, 0% used [0x00000000c0000000,0x00000000c0000000,0x00000000c2b00000)
 Metaspace       used 4738K, capacity 5872K, committed 6016K, reserved 1069056K
  class space    used 525K, capacity 552K, committed 640K, reserved 1048576K
Event: 5.321 GC heap after
Heap after GC invocations=1 (full 0):
 PSYoungGen      total 18944K, used 2307K [0x00000000eab00000, 0x00000000ec000000, 0x0000000100000000)
  eden space 16384K, 0% used [0x00000000eab00000,0x00000000eab00000,0x00000000ebb00000)
  from space 2560K, 90% used [0x00000000ebb00000,0x00000000ebd40cd8,0x00000000ebd80000)
  to   space 2560K, 0% used [0x00000000ebd80000,0x00000000ebd80000,0x00000000ec000000)
 ParOldGen       total 44032K, used 8K [0x00000000c0000000, 0x00000000c2b00000, 0x00000000eab00000)
  object space 44032K, 0% used [0x00000000c0000000,0x00000000c0002000,0x00000000c2b00000)
 Metaspace       used 4738K, capacity 5872K, committed 6016K, reserved 1069056K
  class space    used 525K, capacity 552K, committed 640K, reserved 1048576K
}
Event: 5.321 GC heap before
{Heap before GC invocations=2 (full 1):
 PSYoungGen      total 18944K, used 2307K [0x00000000eab00000, 0x00000000ec000000, 0x0000000100000000)
  eden space 16384K, 0% used [0x00000000eab00000,0x00000000eab00000,0x00000000ebb00000)
  from space 2560K, 90% used [0x00000000ebb00000,0x00000000ebd40cd8,0x00000000ebd80000)
  to   space 2560K, 0% used [0x00000000ebd80000,0x00000000ebd80000,0x00000000ec000000)
 ParOldGen       total 44032K, used 8K [0x00000000c0000000, 0x00000000c2b00000, 0x00000000eab00000)
  object space 44032K, 0% used [0x00000000c0000000,0x00000000c0002000,0x00000000c2b00000)
 Metaspace       used 4738K, capacity 5872K, committed 6016K, reserved 1069056K
  class space    used 525K, capacity 552K, committed 640K, reserved 1048576K
Event: 5.379 GC heap after
Heap after GC invocations=2 (full 1):
 PSYoungGen      total 18944K, used 0K [0x00000000eab00000, 0x00000000ec000000, 0x0000000100000000)
  eden space 16384K, 0% used [0x00000000eab00000,0x00000000eab00000,0x00000000ebb00000)
  from space 2560K, 0% used [0x00000000ebb00000,0x00000000ebb00000,0x00000000ebd80000)
  to   space 2560K, 0% used [0x00000000ebd80000,0x00000000ebd80000,0x00000000ec000000)
 ParOldGen       total 33792K, used 2192K [0x00000000c0000000, 0x00000000c2100000, 0x00000000eab00000)
  object space 33792K, 6% used [0x00000000c0000000,0x00000000c0224220,0x00000000c2100000)
 Metaspace       used 4738K, capacity 5872K, committed 6016K, reserved 1058816K
  class space    used 525K, capacity 552K, committed 640K, reserved 1048576K
}
Event: 7.394 GC heap before
{Heap before GC invocations=3 (full 1):
 PSYoungGen      total 18944K, used 16384K [0x00000000eab00000, 0x00000000ec000000, 0x0000000100000000)
  eden space 16384K, 100% used [0x00000000eab00000,0x00000000ebb00000,0x00000000ebb00000)
  from space 2560K, 0% used [0x00000000ebb00000,0x00000000ebb00000,0x00000000ebd80000)
  to   space 2560K, 0% used [0x00000000ebd80000,0x00000000ebd80000,0x00000000ec000000)
 ParOldGen       total 33792K, used 2192K [0x00000000c0000000, 0x00000000c2100000, 0x00000000eab00000)
  object space 33792K, 6% used [0x00000000c0000000,0x00000000c0224220,0x00000000c2100000)
 Metaspace       used 5820K, capacity 6896K, committed 7040K, reserved 1058816K
  class space    used 589K, capacity 616K, committed 640K, reserved 1048576K
Event: 7.621 GC heap after
Heap after GC invocations=3 (full 1):
 PSYoungGen      total 18944K, used 2544K [0x00000000eab00000, 0x00000000ec000000, 0x0000000100000000)
  eden space 16384K, 0% used [0x00000000eab00000,0x00000000eab00000,0x00000000ebb00000)
  from space 2560K, 99% used [0x00000000ebd80000,0x00000000ebffc028,0x00000000ec000000)
  to   space 2560K, 0% used [0x00000000ebb00000,0x00000000ebb00000,0x00000000ebd80000)
 ParOldGen       total 33792K, used 3098K [0x00000000c0000000, 0x00000000c2100000, 0x00000000eab00000)
  object space 33792K, 9% used [0x00000000c0000000,0x00000000c03068c8,0x00000000c2100000)
 Metaspace       used 5820K, capacity 6896K, committed 7040K, reserved 1058816K
  class space    used 589K, capacity 616K, committed 640K, reserved 1048576K
}

Deoptimization events (10 events):
Event: 6.592 Thread 0x000000001682a800 Uncommon trap: reason=unstable_if action=reinterpret pc=0x0000000002657140 method=java.util.HashMap.getNode(ILjava/lang/Object;)Ljava/util/HashMap$Node; @ 62
Event: 6.745 Thread 0x0000000002332800 Uncommon trap: reason=unstable_if action=reinterpret pc=0x0000000002685ab0 method=java.util.BitSet.nextSetBit(I)I @ 87
Event: 7.306 Thread 0x00000000167ca800 Uncommon trap: reason=unstable_if action=reinterpret pc=0x00000000026b7d34 method=java.util.BitSet.ensureCapacity(I)V @ 6
Event: 7.320 Thread 0x00000000167ca800 Uncommon trap: reason=unstable_if action=reinterpret pc=0x00000000027fd8b8 method=com.android.dx.ssa.SsaRenamer$BlockRenamer.addMapping(ILcom/android/dx/rop/code/RegisterSpec;)V @ 120
Event: 7.348 Thread 0x0000000002332800 Uncommon trap: reason=unstable_if action=reinterpret pc=0x00000000027da928 method=com.android.dx.rop.code.RegisterSpec.equals(ILcom/android/dx/rop/type/TypeBearer;Lcom/android/dx/rop/code/LocalItem;)Z @ 16
Event: 7.348 Thread 0x0000000002332800 Uncommon trap: reason=unstable_if action=reinterpret pc=0x00000000027141c4 method=com.android.dx.rop.code.RegisterSpec.equals(ILcom/android/dx/rop/type/TypeBearer;Lcom/android/dx/rop/code/LocalItem;)Z @ 16
Event: 7.635 Thread 0x00000000167f5800 Uncommon trap: reason=bimorphic action=maybe_recompile pc=0x000000000283cf9c method=java.util.HashMap.putVal(ILjava/lang/Object;Ljava/lang/Object;ZZ)Ljava/lang/Object; @ 91
Event: 7.654 Thread 0x00000000167f5800 Uncommon trap: reason=unstable_if action=reinterpret pc=0x00000000026dd244 method=com.android.dx.rop.code.RegisterSpec.equals(ILcom/android/dx/rop/type/TypeBearer;Lcom/android/dx/rop/code/LocalItem;)Z @ 16
Event: 7.654 Thread 0x00000000167f5800 Uncommon trap: reason=bimorphic action=maybe_recompile pc=0x000000000283cf9c method=java.util.HashMap.putVal(ILjava/lang/Object;Ljava/lang/Object;ZZ)Ljava/lang/Object; @ 91
Event: 7.660 Thread 0x00000000167f5800 Uncommon trap: reason=null_check action=make_not_entrant pc=0x00000000028532a0 method=com.android.dx.rop.type.Type.equals(Ljava/lang/Object;)Z @ 8

Internal exceptions (3 events):
Event: 0.110 Thread 0x0000000002332800 Exception <a 'java/lang/NoSuchMethodError': Method sun.misc.Unsafe.defineClass(Ljava/lang/String;[BII)Ljava/lang/Class; name or signature does not match> (0x00000000eab07cc0) thrown at [C:\re\workspace\8-2-build-windows-amd64-cygwin\jdk8u91\7017\hotspot\sr‰
Event: 0.110 Thread 0x0000000002332800 Exception <a 'java/lang/NoSuchMethodError': Method sun.misc.Unsafe.prefetchRead(Ljava/lang/Object;J)V name or signature does not match> (0x00000000eab07fa8) thrown at [C:\re\workspace\8-2-build-windows-amd64-cygwin\jdk8u91\7017\hotspot\src\share\vm\prims\jHðAA#¤@
Event: 7.660 Thread 0x00000000167f5800 Implicit null exception at 0x00000000028531a2 to 0x0000000002853292

Events (10 events):
Event: 7.635 Thread 0x00000000167f5800 DEOPT UNPACKING pc=0x000000000247582a sp=0x000000001706e758 mode 2
Event: 7.654 Thread 0x00000000167f5800 Uncommon trap: trap_request=0xffffff65 fr.pc=0x00000000026dd244
Event: 7.654 Thread 0x00000000167f5800 DEOPT PACKING pc=0x00000000026dd244 sp=0x000000001706e720
Event: 7.654 Thread 0x00000000167f5800 DEOPT UNPACKING pc=0x000000000247582a sp=0x000000001706e560 mode 2
Event: 7.654 Thread 0x00000000167f5800 Uncommon trap: trap_request=0xffffffc6 fr.pc=0x000000000283cf9c
Event: 7.654 Thread 0x00000000167f5800 DEOPT PACKING pc=0x000000000283cf9c sp=0x000000001706e830
Event: 7.654 Thread 0x00000000167f5800 DEOPT UNPACKING pc=0x000000000247582a sp=0x000000001706e758 mode 2
Event: 7.660 Thread 0x00000000167f5800 Uncommon trap: trap_request=0xfffffff4 fr.pc=0x00000000028532a0
Event: 7.660 Thread 0x00000000167f5800 DEOPT PACKING pc=0x00000000028532a0 sp=0x000000001706e480
Event: 7.660 Thread 0x00000000167f5800 DEOPT UNPACKING pc=0x000000000247582a sp=0x000000001706e408 mode 2


Dynamic libraries:
0x00007ff650e60000 - 0x00007ff650e97000 	C:\Program Files\Java\jdk1.8.0_91\bin\java.exe
0x00007ffb81cb0000 - 0x00007ffb81e5a000 	C:\Windows\SYSTEM32\ntdll.dll
0x00007ffb7fa40000 - 0x00007ffb7fb7a000 	C:\Windows\system32\KERNEL32.DLL
0x00007ffb7f0f0000 - 0x00007ffb7f200000 	C:\Windows\system32\KERNELBASE.dll
0x00007ffb7dc50000 - 0x00007ffb7dcd8000 	C:\Windows\system32\apphelp.dll
0x00007ffb75e30000 - 0x00007ffb75e7f000 	C:\Windows\AppPatch\AppPatch64\AcGenral.DLL
0x00007ffb7f6c0000 - 0x00007ffb7f767000 	C:\Windows\system32\msvcrt.dll
0x00007ffb7eed0000 - 0x00007ffb7eefb000 	C:\Windows\SYSTEM32\SspiCli.dll
0x00007ffb81500000 - 0x00007ffb81551000 	C:\Windows\system32\SHLWAPI.dll
0x00007ffb7f530000 - 0x00007ffb7f6a1000 	C:\Windows\system32\USER32.dll
0x00007ffb81320000 - 0x00007ffb81498000 	C:\Windows\system32\ole32.dll
0x00007ffb7fd60000 - 0x00007ffb81177000 	C:\Windows\system32\SHELL32.dll
0x00007ffb7e690000 - 0x00007ffb7e6af000 	C:\Windows\SYSTEM32\USERENV.dll
0x00007ffb81270000 - 0x00007ffb81315000 	C:\Windows\system32\ADVAPI32.dll
0x00007ffb75b80000 - 0x00007ffb75b9b000 	C:\Windows\SYSTEM32\MPR.dll
0x00007ffb7f780000 - 0x00007ffb7f8b6000 	C:\Windows\system32\RPCRT4.dll
0x00007ffb81590000 - 0x00007ffb815e7000 	C:\Windows\SYSTEM32\sechost.dll
0x00007ffb7fb80000 - 0x00007ffb7fd56000 	C:\Windows\SYSTEM32\combase.dll
0x00007ffb819c0000 - 0x00007ffb81b05000 	C:\Windows\system32\GDI32.dll
0x00007ffb7f020000 - 0x00007ffb7f034000 	C:\Windows\SYSTEM32\profapi.dll
0x00007ffb7d4e0000 - 0x00007ffb7d57f000 	C:\Windows\SYSTEM32\SHCORE.dll
0x00007ffb81230000 - 0x00007ffb81264000 	C:\Windows\system32\IMM32.DLL
0x00007ffb817e0000 - 0x00007ffb81919000 	C:\Windows\system32\MSCTF.dll
0x00007ffb7ce80000 - 0x00007ffb7d0da000 	C:\Windows\WinSxS\amd64_microsoft.windows.common-controls_6595b64144ccf1df_6.0.9600.17031_none_6242a4b3ecbb55a1\COMCTL32.dll
0x000000005f450000 - 0x000000005f522000 	C:\Program Files\Java\jdk1.8.0_91\jre\bin\msvcr100.dll
0x000000005fb60000 - 0x00000000603f3000 	C:\Program Files\Java\jdk1.8.0_91\jre\bin\server\jvm.dll
0x00007ffb77210000 - 0x00007ffb77219000 	C:\Windows\SYSTEM32\WSOCK32.dll
0x00007ffb75b30000 - 0x00007ffb75b4f000 	C:\Windows\SYSTEM32\WINMM.dll
0x00007ffb77ec0000 - 0x00007ffb77eca000 	C:\Windows\SYSTEM32\VERSION.dll
0x00007ffb7f770000 - 0x00007ffb7f777000 	C:\Windows\system32\PSAPI.DLL
0x00007ffb814a0000 - 0x00007ffb814f8000 	C:\Windows\system32\WS2_32.dll
0x00007ffb75b00000 - 0x00007ffb75b2a000 	C:\Windows\SYSTEM32\WINMMBASE.dll
0x00007ffb817d0000 - 0x00007ffb817d9000 	C:\Windows\system32\NSI.dll
0x00007ffb7f250000 - 0x00007ffb7f29a000 	C:\Windows\SYSTEM32\cfgmgr32.dll
0x00007ffb7dea0000 - 0x00007ffb7dec6000 	C:\Windows\SYSTEM32\DEVOBJ.dll
0x000000005fb50000 - 0x000000005fb5f000 	C:\Program Files\Java\jdk1.8.0_91\jre\bin\verify.dll
0x000000005fb20000 - 0x000000005fb49000 	C:\Program Files\Java\jdk1.8.0_91\jre\bin\java.dll
0x000000005fb00000 - 0x000000005fb16000 	C:\Program Files\Java\jdk1.8.0_91\jre\bin\zip.dll

VM Arguments:
jvm_args: -Djava.awt.headless=true -Xmx1024M -Dfile.encoding=windows-1252 -Duser.country=US -Duser.language=en -Duser.variant 
java_command: com.android.dx.command.Main --dex --force-jumbo --num-threads=4 --output C:\CodeSeries\PrimitivesPassing\app\build\intermediates\pre-dexed\debug\com.android.support-design-24.2.1_f6a794247fe9e2562fb2d4dc03abc0d71a83b16b.jar C:\CodeSeries\PrimitivesPassing\app\build\intermediates\exploded-aar\com.android.support\design\24.2.1\jars\classes.jar
java_class_path (initial): C:\Users\Hp\AppData\Local\Android\sdk\build-tools\25.0.1\lib\dx.jar
Launcher Type: SUN_STANDARD

Environment Variables:
JAVA_HOME=C:\Program Files\Java\jdk1.8.0_91
PATH=C:\ProgramData\Oracle\Java\javapath;C:\Windows\system32;C:\Windows;C:\Windows\System32\Wbem;C:\Windows\System32\WindowsPowerShell\v1.0\;C:\Program Files (x86)\Windows Kits\8.1\Windows Performance Toolkit\;C:\Program Files\Microsoft SQL Server\110\Tools\Binn\;C:\Program Files\Microsoft SQL Server\120\Tools\Binn\;C:\Program Files (x86)\GtkSharp\2.12\bin;C:\Program Files\Microsoft SQL Server\130\Tools\Binn\;C:\Program Files\Microsoft\Web Platform Installer\;C:\Program Files\dotnet\;C:\Program Files\nodejs\;C:\wamp\bin\php\php5.5.12;C:\ProgramData\ComposerSetup\bin;C:\Go\bin;C:\Users\Hp\AppData\Local\Programs\Python\Python35-32\Scripts\;C:\Users\Hp\AppData\Local\Programs\Python\Python35-32\;C:\Users\Hp\AppData\Roaming\npm;C:\Users\Hp\AppData\Roaming\Composer\vendor\bin
USERNAME=Hp
OS=Windows_NT
PROCESSOR_IDENTIFIER=Intel64 Family 6 Model 42 Stepping 7, GenuineIntel



---------------  S Y S T E M  ---------------

OS: Windows 8.1 , 64 bit Build 9600 (6.3.9600.17031)

CPU:total 4 (2 cores per cpu, 2 threads per core) family 6 model 42 stepping 7, cmov, cx8, fxsr, mmx, sse, sse2, sse3, ssse3, sse4.1, sse4.2, popcnt, avx, aes, clmul, ht, tsc, tscinvbit

Memory: 4k page, physical 4102512k(339600k free), swap 7264112k(5120k free)

vm_info: Java HotSpot(TM) 64-Bit Server VM (25.91-b15) for windows-amd64 JRE (1.8.0_91-b15), built on May 20 2016 17:43:15 by "java_re" with MS VC++ 10.0 (VS2010)

time: Fri Jan 20 11:10:12 2017
elapsed time: 7 seconds (0d 0h 0m 7s)

